2023-10-28 11:21:08.844  INFO 31700 --- [main] c.e.s.mvclogin.MvcloginApplication       : Starting MvcloginApplication on LAPTOP-TEAMO with PID 31700 (D:\Coding\Spring oauth\mvclogin\target\classes started by tejas in D:\Coding\Spring oauth\mvclogin)
2023-10-28 11:21:08.849  INFO 31700 --- [main] c.e.s.mvclogin.MvcloginApplication       : No active profile set, falling back to default profiles: default
2023-10-28 11:21:09.714  INFO 31700 --- [main] o.s.b.w.embedded.tomcat.TomcatWebServer  : Tomcat initialized with port(s): 8085 (http)
2023-10-28 11:21:09.720  INFO 31700 --- [main] o.apache.catalina.core.StandardService   : Starting service [Tomcat]
2023-10-28 11:21:09.720  INFO 31700 --- [main] org.apache.catalina.core.StandardEngine  : Starting Servlet engine: [Apache Tomcat/9.0.36]
2023-10-28 11:21:09.775  INFO 31700 --- [main] o.a.c.c.C.[Tomcat].[localhost].[/]       : Initializing Spring embedded WebApplicationContext
2023-10-28 11:21:09.775  INFO 31700 --- [main] w.s.c.ServletWebServerApplicationContext : Root WebApplicationContext: initialization completed in 894 ms
2023-10-28 11:21:09.944  INFO 31700 --- [main] o.s.s.web.DefaultSecurityFilterChain     : Creating filter chain: Ant [pattern='/static/**'], []
2023-10-28 11:21:09.945  INFO 31700 --- [main] o.s.s.web.DefaultSecurityFilterChain     : Creating filter chain: Ant [pattern='/css/**'], []
2023-10-28 11:21:09.945  INFO 31700 --- [main] o.s.s.web.DefaultSecurityFilterChain     : Creating filter chain: Ant [pattern='/js'], []
2023-10-28 11:21:09.979  INFO 31700 --- [main] o.s.s.web.DefaultSecurityFilterChain     : Creating filter chain: any request, [org.springframework.security.web.context.request.async.WebAsyncManagerIntegrationFilter@65cc8228, org.springframework.security.web.context.SecurityContextPersistenceFilter@37c5fc56, org.springframework.security.web.header.HeaderWriterFilter@1ddd3478, org.springframework.security.web.csrf.CsrfFilter@1d782abe, org.springframework.security.web.authentication.logout.LogoutFilter@1ded7b14, org.springframework.security.web.authentication.UsernamePasswordAuthenticationFilter@5467eea4, org.springframework.security.web.authentication.ui.DefaultLoginPageGeneratingFilter@102d92c4, org.springframework.security.web.authentication.ui.DefaultLogoutPageGeneratingFilter@53093491, org.springframework.security.web.savedrequest.RequestCacheAwareFilter@50825a02, org.springframework.security.web.servletapi.SecurityContextHolderAwareRequestFilter@2abc224d, org.springframework.security.web.authentication.AnonymousAuthenticationFilter@21719a0, org.springframework.security.web.session.SessionManagementFilter@4d33940d, org.springframework.security.web.access.ExceptionTranslationFilter@189b5fb1, org.springframework.security.web.access.intercept.FilterSecurityInterceptor@3bcd426c]
2023-10-28 11:21:10.077  INFO 31700 --- [main] o.s.s.concurrent.ThreadPoolTaskExecutor  : Initializing ExecutorService 'applicationTaskExecutor'
2023-10-28 11:21:10.257  INFO 31700 --- [main] o.s.b.w.embedded.tomcat.TomcatWebServer  : Tomcat started on port(s): 8085 (http) with context path ''
2023-10-28 11:21:10.266  INFO 31700 --- [main] c.e.s.mvclogin.MvcloginApplication       : Started MvcloginApplication in 1.656 seconds (JVM running for 1.917)
2023-10-28 11:21:22.856  INFO 31700 --- [http-nio-8085-exec-1] o.a.c.c.C.[Tomcat].[localhost].[/]       : Initializing Spring DispatcherServlet 'dispatcherServlet'
2023-10-28 11:21:22.856  INFO 31700 --- [http-nio-8085-exec-1] o.s.web.servlet.DispatcherServlet        : Initializing Servlet 'dispatcherServlet'
2023-10-28 11:21:22.862  INFO 31700 --- [http-nio-8085-exec-1] o.s.web.servlet.DispatcherServlet        : Completed initialization in 6 ms
2023-10-28 11:25:11.402  INFO 27020 --- [main] c.e.s.mvclogin.MvcloginApplication       : Starting MvcloginApplication on LAPTOP-TEAMO with PID 27020 (D:\Coding\Spring oauth\mvclogin\target\classes started by tejas in D:\Coding\Spring oauth\mvclogin)
2023-10-28 11:25:11.404  INFO 27020 --- [main] c.e.s.mvclogin.MvcloginApplication       : No active profile set, falling back to default profiles: default
2023-10-28 11:25:12.330  INFO 27020 --- [main] o.s.b.w.embedded.tomcat.TomcatWebServer  : Tomcat initialized with port(s): 8085 (http)
2023-10-28 11:25:12.337  INFO 27020 --- [main] o.apache.catalina.core.StandardService   : Starting service [Tomcat]
2023-10-28 11:25:12.338  INFO 27020 --- [main] org.apache.catalina.core.StandardEngine  : Starting Servlet engine: [Apache Tomcat/9.0.36]
2023-10-28 11:25:12.388  INFO 27020 --- [main] o.a.c.c.C.[Tomcat].[localhost].[/]       : Initializing Spring embedded WebApplicationContext
2023-10-28 11:25:12.389  INFO 27020 --- [main] w.s.c.ServletWebServerApplicationContext : Root WebApplicationContext: initialization completed in 953 ms
2023-10-28 11:25:12.560  INFO 27020 --- [main] o.s.s.web.DefaultSecurityFilterChain     : Creating filter chain: Ant [pattern='/static/**'], []
2023-10-28 11:25:12.560  INFO 27020 --- [main] o.s.s.web.DefaultSecurityFilterChain     : Creating filter chain: Ant [pattern='/css/**'], []
2023-10-28 11:25:12.560  INFO 27020 --- [main] o.s.s.web.DefaultSecurityFilterChain     : Creating filter chain: Ant [pattern='/js'], []
2023-10-28 11:25:12.591  INFO 27020 --- [main] o.s.s.web.DefaultSecurityFilterChain     : Creating filter chain: any request, [org.springframework.security.web.context.request.async.WebAsyncManagerIntegrationFilter@6b3871d6, org.springframework.security.web.context.SecurityContextPersistenceFilter@102d92c4, org.springframework.security.web.header.HeaderWriterFilter@5ecba515, org.springframework.security.web.csrf.CsrfFilter@1e6308a9, org.springframework.security.web.authentication.logout.LogoutFilter@245a060f, org.springframework.security.web.authentication.UsernamePasswordAuthenticationFilter@57b9e423, org.springframework.security.web.authentication.ui.DefaultLoginPageGeneratingFilter@2687f956, org.springframework.security.web.authentication.ui.DefaultLogoutPageGeneratingFilter@37095ded, org.springframework.security.web.savedrequest.RequestCacheAwareFilter@60723d6a, org.springframework.security.web.servletapi.SecurityContextHolderAwareRequestFilter@9a7a808, org.springframework.security.web.authentication.AnonymousAuthenticationFilter@2eb79cbe, org.springframework.security.web.session.SessionManagementFilter@2abc224d, org.springframework.security.web.access.ExceptionTranslationFilter@7051777c, org.springframework.security.web.access.intercept.FilterSecurityInterceptor@65cc8228]
2023-10-28 11:25:12.695  INFO 27020 --- [main] o.s.s.concurrent.ThreadPoolTaskExecutor  : Initializing ExecutorService 'applicationTaskExecutor'
2023-10-28 11:25:12.876  WARN 27020 --- [main] ConfigServletWebServerApplicationContext : Exception encountered during context initialization - cancelling refresh attempt: org.springframework.context.ApplicationContextException: Failed to start bean 'webServerStartStop'; nested exception is org.springframework.boot.web.server.PortInUseException: Port 8085 is already in use
2023-10-28 11:25:12.877  INFO 27020 --- [main] o.s.s.concurrent.ThreadPoolTaskExecutor  : Shutting down ExecutorService 'applicationTaskExecutor'
2023-10-28 11:25:12.879  INFO 27020 --- [main] o.apache.catalina.core.StandardService   : Stopping service [Tomcat]
2023-10-28 11:25:12.893  INFO 27020 --- [main] ConditionEvaluationReportLoggingListener : 

Error starting ApplicationContext. To display the conditions report re-run your application with 'debug' enabled.
2023-10-28 11:25:12.895 ERROR 27020 --- [main] o.s.b.d.LoggingFailureAnalysisReporter   : 

***************************
APPLICATION FAILED TO START
***************************

Description:

Web server failed to start. Port 8085 was already in use.

Action:

Identify and stop the process that's listening on port 8085 or configure this application to listen on another port.

2023-10-28 11:25:58.287  INFO 36476 --- [main] c.e.s.mvclogin.MvcloginApplication       : Starting MvcloginApplication on LAPTOP-TEAMO with PID 36476 (D:\Coding\Spring oauth\mvclogin\target\classes started by tejas in D:\Coding\Spring oauth\mvclogin)
2023-10-28 11:25:58.289  INFO 36476 --- [main] c.e.s.mvclogin.MvcloginApplication       : No active profile set, falling back to default profiles: default
2023-10-28 11:25:59.141  INFO 36476 --- [main] o.s.b.w.embedded.tomcat.TomcatWebServer  : Tomcat initialized with port(s): 8085 (http)
2023-10-28 11:25:59.148  INFO 36476 --- [main] o.apache.catalina.core.StandardService   : Starting service [Tomcat]
2023-10-28 11:25:59.149  INFO 36476 --- [main] org.apache.catalina.core.StandardEngine  : Starting Servlet engine: [Apache Tomcat/9.0.36]
2023-10-28 11:25:59.199  INFO 36476 --- [main] o.a.c.c.C.[Tomcat].[localhost].[/]       : Initializing Spring embedded WebApplicationContext
2023-10-28 11:25:59.199  INFO 36476 --- [main] w.s.c.ServletWebServerApplicationContext : Root WebApplicationContext: initialization completed in 881 ms
2023-10-28 11:25:59.355  INFO 36476 --- [main] o.s.s.web.DefaultSecurityFilterChain     : Creating filter chain: Ant [pattern='/static/**'], []
2023-10-28 11:25:59.355  INFO 36476 --- [main] o.s.s.web.DefaultSecurityFilterChain     : Creating filter chain: Ant [pattern='/css/**'], []
2023-10-28 11:25:59.355  INFO 36476 --- [main] o.s.s.web.DefaultSecurityFilterChain     : Creating filter chain: Ant [pattern='/js'], []
2023-10-28 11:25:59.395  INFO 36476 --- [main] o.s.s.web.DefaultSecurityFilterChain     : Creating filter chain: any request, [org.springframework.security.web.context.request.async.WebAsyncManagerIntegrationFilter@7a799159, org.springframework.security.web.context.SecurityContextPersistenceFilter@f973499, org.springframework.security.web.header.HeaderWriterFilter@1440c311, org.springframework.security.web.csrf.CsrfFilter@3a095ec0, org.springframework.security.web.authentication.logout.LogoutFilter@9a7a808, org.springframework.security.web.authentication.UsernamePasswordAuthenticationFilter@5dc3fcb7, org.springframework.security.web.authentication.ui.DefaultLoginPageGeneratingFilter@512d4583, org.springframework.security.web.authentication.ui.DefaultLogoutPageGeneratingFilter@40ab8a8, org.springframework.security.web.savedrequest.RequestCacheAwareFilter@43cf6ea3, org.springframework.security.web.servletapi.SecurityContextHolderAwareRequestFilter@3241713e, org.springframework.security.web.authentication.AnonymousAuthenticationFilter@6ff37443, org.springframework.security.web.session.SessionManagementFilter@783ec989, org.springframework.security.web.access.ExceptionTranslationFilter@5486887b, org.springframework.security.web.access.intercept.FilterSecurityInterceptor@4c9e38]
2023-10-28 11:25:59.498  INFO 36476 --- [main] o.s.s.concurrent.ThreadPoolTaskExecutor  : Initializing ExecutorService 'applicationTaskExecutor'
2023-10-28 11:25:59.661  WARN 36476 --- [main] ConfigServletWebServerApplicationContext : Exception encountered during context initialization - cancelling refresh attempt: org.springframework.context.ApplicationContextException: Failed to start bean 'webServerStartStop'; nested exception is org.springframework.boot.web.server.PortInUseException: Port 8085 is already in use
2023-10-28 11:25:59.662  INFO 36476 --- [main] o.s.s.concurrent.ThreadPoolTaskExecutor  : Shutting down ExecutorService 'applicationTaskExecutor'
2023-10-28 11:25:59.664  INFO 36476 --- [main] o.apache.catalina.core.StandardService   : Stopping service [Tomcat]
2023-10-28 11:25:59.673  INFO 36476 --- [main] ConditionEvaluationReportLoggingListener : 

Error starting ApplicationContext. To display the conditions report re-run your application with 'debug' enabled.
2023-10-28 11:25:59.676 ERROR 36476 --- [main] o.s.b.d.LoggingFailureAnalysisReporter   : 

***************************
APPLICATION FAILED TO START
***************************

Description:

Web server failed to start. Port 8085 was already in use.

Action:

Identify and stop the process that's listening on port 8085 or configure this application to listen on another port.

2023-10-28 11:26:16.532  INFO 27324 --- [main] c.e.s.mvclogin.MvcloginApplication       : Starting MvcloginApplication on LAPTOP-TEAMO with PID 27324 (D:\Coding\Spring oauth\mvclogin\target\classes started by tejas in D:\Coding\Spring oauth\mvclogin)
2023-10-28 11:26:16.534  INFO 27324 --- [main] c.e.s.mvclogin.MvcloginApplication       : No active profile set, falling back to default profiles: default
2023-10-28 11:26:17.385  INFO 27324 --- [main] o.s.b.w.embedded.tomcat.TomcatWebServer  : Tomcat initialized with port(s): 8085 (http)
2023-10-28 11:26:17.392  INFO 27324 --- [main] o.apache.catalina.core.StandardService   : Starting service [Tomcat]
2023-10-28 11:26:17.393  INFO 27324 --- [main] org.apache.catalina.core.StandardEngine  : Starting Servlet engine: [Apache Tomcat/9.0.36]
2023-10-28 11:26:17.443  INFO 27324 --- [main] o.a.c.c.C.[Tomcat].[localhost].[/]       : Initializing Spring embedded WebApplicationContext
2023-10-28 11:26:17.444  INFO 27324 --- [main] w.s.c.ServletWebServerApplicationContext : Root WebApplicationContext: initialization completed in 879 ms
2023-10-28 11:26:17.610  INFO 27324 --- [main] o.s.s.web.DefaultSecurityFilterChain     : Creating filter chain: Ant [pattern='/static/**'], []
2023-10-28 11:26:17.611  INFO 27324 --- [main] o.s.s.web.DefaultSecurityFilterChain     : Creating filter chain: Ant [pattern='/css/**'], []
2023-10-28 11:26:17.611  INFO 27324 --- [main] o.s.s.web.DefaultSecurityFilterChain     : Creating filter chain: Ant [pattern='/js'], []
2023-10-28 11:26:17.649  INFO 27324 --- [main] o.s.s.web.DefaultSecurityFilterChain     : Creating filter chain: any request, [org.springframework.security.web.context.request.async.WebAsyncManagerIntegrationFilter@783efb48, org.springframework.security.web.context.SecurityContextPersistenceFilter@6edaa77a, org.springframework.security.web.header.HeaderWriterFilter@79767781, org.springframework.security.web.csrf.CsrfFilter@2b97cc1f, org.springframework.security.web.authentication.logout.LogoutFilter@749f539e, org.springframework.security.web.authentication.UsernamePasswordAuthenticationFilter@7b208b45, org.springframework.security.web.authentication.ui.DefaultLoginPageGeneratingFilter@6b1e7ad3, org.springframework.security.web.authentication.ui.DefaultLogoutPageGeneratingFilter@5d235104, org.springframework.security.web.savedrequest.RequestCacheAwareFilter@62ddd21b, org.springframework.security.web.servletapi.SecurityContextHolderAwareRequestFilter@35f8a9d3, org.springframework.security.web.authentication.AnonymousAuthenticationFilter@4e8e8621, org.springframework.security.web.session.SessionManagementFilter@aced190, org.springframework.security.web.access.ExceptionTranslationFilter@10ec523c, org.springframework.security.web.access.intercept.FilterSecurityInterceptor@30404dba]
2023-10-28 11:26:17.749  INFO 27324 --- [main] o.s.s.concurrent.ThreadPoolTaskExecutor  : Initializing ExecutorService 'applicationTaskExecutor'
2023-10-28 11:26:17.912  INFO 27324 --- [main] o.s.b.w.embedded.tomcat.TomcatWebServer  : Tomcat started on port(s): 8085 (http) with context path ''
2023-10-28 11:26:17.919  INFO 27324 --- [main] c.e.s.mvclogin.MvcloginApplication       : Started MvcloginApplication in 1.622 seconds (JVM running for 1.888)
2023-10-28 11:26:42.248  INFO 27324 --- [http-nio-8085-exec-1] o.a.c.c.C.[Tomcat].[localhost].[/]       : Initializing Spring DispatcherServlet 'dispatcherServlet'
2023-10-28 11:26:42.248  INFO 27324 --- [http-nio-8085-exec-1] o.s.web.servlet.DispatcherServlet        : Initializing Servlet 'dispatcherServlet'
2023-10-28 11:26:42.253  INFO 27324 --- [http-nio-8085-exec-1] o.s.web.servlet.DispatcherServlet        : Completed initialization in 5 ms
2023-10-28 11:30:08.819  INFO 18440 --- [main] c.e.s.mvclogin.MvcloginApplication       : Starting MvcloginApplication on LAPTOP-TEAMO with PID 18440 (D:\Coding\Spring oauth\mvclogin\target\classes started by tejas in D:\Coding\Spring oauth\mvclogin)
2023-10-28 11:30:08.821  INFO 18440 --- [main] c.e.s.mvclogin.MvcloginApplication       : No active profile set, falling back to default profiles: default
2023-10-28 11:30:09.671  INFO 18440 --- [main] o.s.b.w.embedded.tomcat.TomcatWebServer  : Tomcat initialized with port(s): 8085 (http)
2023-10-28 11:30:09.678  INFO 18440 --- [main] o.apache.catalina.core.StandardService   : Starting service [Tomcat]
2023-10-28 11:30:09.678  INFO 18440 --- [main] org.apache.catalina.core.StandardEngine  : Starting Servlet engine: [Apache Tomcat/9.0.36]
2023-10-28 11:30:09.732  INFO 18440 --- [main] o.a.c.c.C.[Tomcat].[localhost].[/]       : Initializing Spring embedded WebApplicationContext
2023-10-28 11:30:09.733  INFO 18440 --- [main] w.s.c.ServletWebServerApplicationContext : Root WebApplicationContext: initialization completed in 882 ms
2023-10-28 11:30:09.904  INFO 18440 --- [main] o.s.s.web.DefaultSecurityFilterChain     : Creating filter chain: Ant [pattern='/static/**'], []
2023-10-28 11:30:09.905  INFO 18440 --- [main] o.s.s.web.DefaultSecurityFilterChain     : Creating filter chain: Ant [pattern='/css/**'], []
2023-10-28 11:30:09.905  INFO 18440 --- [main] o.s.s.web.DefaultSecurityFilterChain     : Creating filter chain: Ant [pattern='/js'], []
2023-10-28 11:30:09.947  INFO 18440 --- [main] o.s.s.web.DefaultSecurityFilterChain     : Creating filter chain: any request, [org.springframework.security.web.context.request.async.WebAsyncManagerIntegrationFilter@30404dba, org.springframework.security.web.context.SecurityContextPersistenceFilter@29be7749, org.springframework.security.web.header.HeaderWriterFilter@9a7a808, org.springframework.security.web.csrf.CsrfFilter@1c025cb, org.springframework.security.web.authentication.logout.LogoutFilter@63e5e5b4, org.springframework.security.web.authentication.UsernamePasswordAuthenticationFilter@30b2b76f, org.springframework.security.web.authentication.ui.DefaultLoginPageGeneratingFilter@6edaa77a, org.springframework.security.web.authentication.ui.DefaultLogoutPageGeneratingFilter@6050462a, org.springframework.security.web.savedrequest.RequestCacheAwareFilter@4650a407, org.springframework.security.web.servletapi.SecurityContextHolderAwareRequestFilter@aced190, org.springframework.security.web.authentication.AnonymousAuthenticationFilter@4c0884e8, org.springframework.security.web.session.SessionManagementFilter@2687f956, org.springframework.security.web.access.ExceptionTranslationFilter@abbc908, org.springframework.security.web.access.intercept.FilterSecurityInterceptor@2eb79cbe]
2023-10-28 11:30:10.047  INFO 18440 --- [main] o.s.s.concurrent.ThreadPoolTaskExecutor  : Initializing ExecutorService 'applicationTaskExecutor'
2023-10-28 11:30:10.228  INFO 18440 --- [main] o.s.b.w.embedded.tomcat.TomcatWebServer  : Tomcat started on port(s): 8085 (http) with context path ''
2023-10-28 11:30:10.235  INFO 18440 --- [main] c.e.s.mvclogin.MvcloginApplication       : Started MvcloginApplication in 1.67 seconds (JVM running for 1.94)
2023-10-28 11:30:14.550  INFO 18440 --- [http-nio-8085-exec-1] o.a.c.c.C.[Tomcat].[localhost].[/]       : Initializing Spring DispatcherServlet 'dispatcherServlet'
2023-10-28 11:30:14.550  INFO 18440 --- [http-nio-8085-exec-1] o.s.web.servlet.DispatcherServlet        : Initializing Servlet 'dispatcherServlet'
2023-10-28 11:30:14.554  INFO 18440 --- [http-nio-8085-exec-1] o.s.web.servlet.DispatcherServlet        : Completed initialization in 4 ms
2023-10-28 11:32:32.473  INFO 11644 --- [main] c.e.s.mvclogin.MvcloginApplication       : Starting MvcloginApplication on LAPTOP-TEAMO with PID 11644 (D:\Coding\Spring oauth\mvclogin\target\classes started by tejas in D:\Coding\Spring oauth\mvclogin)
2023-10-28 11:32:32.475  INFO 11644 --- [main] c.e.s.mvclogin.MvcloginApplication       : No active profile set, falling back to default profiles: default
2023-10-28 11:32:33.345  INFO 11644 --- [main] o.s.b.w.embedded.tomcat.TomcatWebServer  : Tomcat initialized with port(s): 8085 (http)
2023-10-28 11:32:33.352  INFO 11644 --- [main] o.apache.catalina.core.StandardService   : Starting service [Tomcat]
2023-10-28 11:32:33.353  INFO 11644 --- [main] org.apache.catalina.core.StandardEngine  : Starting Servlet engine: [Apache Tomcat/9.0.36]
2023-10-28 11:32:33.402  INFO 11644 --- [main] o.a.c.c.C.[Tomcat].[localhost].[/]       : Initializing Spring embedded WebApplicationContext
2023-10-28 11:32:33.404  INFO 11644 --- [main] w.s.c.ServletWebServerApplicationContext : Root WebApplicationContext: initialization completed in 899 ms
2023-10-28 11:32:33.576  INFO 11644 --- [main] o.s.s.web.DefaultSecurityFilterChain     : Creating filter chain: Ant [pattern='/static/**'], []
2023-10-28 11:32:33.576  INFO 11644 --- [main] o.s.s.web.DefaultSecurityFilterChain     : Creating filter chain: Ant [pattern='/css/**'], []
2023-10-28 11:32:33.576  INFO 11644 --- [main] o.s.s.web.DefaultSecurityFilterChain     : Creating filter chain: Ant [pattern='/js'], []
2023-10-28 11:32:33.605  INFO 11644 --- [main] o.s.s.web.DefaultSecurityFilterChain     : Creating filter chain: any request, [org.springframework.security.web.context.request.async.WebAsyncManagerIntegrationFilter@368d5c00, org.springframework.security.web.context.SecurityContextPersistenceFilter@512d4583, org.springframework.security.web.header.HeaderWriterFilter@703feacd, org.springframework.security.web.csrf.CsrfFilter@4aac85fa, org.springframework.security.web.authentication.logout.LogoutFilter@79767781, org.springframework.security.web.authentication.UsernamePasswordAuthenticationFilter@76b224cd, org.springframework.security.web.authentication.ui.DefaultLoginPageGeneratingFilter@44afefd5, org.springframework.security.web.authentication.ui.DefaultLogoutPageGeneratingFilter@12a160c2, org.springframework.security.web.savedrequest.RequestCacheAwareFilter@13cd7ea5, org.springframework.security.web.servletapi.SecurityContextHolderAwareRequestFilter@ff6077, org.springframework.security.web.authentication.AnonymousAuthenticationFilter@aa10649, org.springframework.security.web.session.SessionManagementFilter@3241713e, org.springframework.security.web.access.ExceptionTranslationFilter@50825a02, org.springframework.security.web.access.intercept.FilterSecurityInterceptor@7a799159]
2023-10-28 11:32:33.691  INFO 11644 --- [main] o.s.s.concurrent.ThreadPoolTaskExecutor  : Initializing ExecutorService 'applicationTaskExecutor'
2023-10-28 11:32:33.871  INFO 11644 --- [main] o.s.b.w.embedded.tomcat.TomcatWebServer  : Tomcat started on port(s): 8085 (http) with context path ''
2023-10-28 11:32:33.880  INFO 11644 --- [main] c.e.s.mvclogin.MvcloginApplication       : Started MvcloginApplication in 1.642 seconds (JVM running for 1.902)
2023-10-28 11:32:40.930  INFO 11644 --- [http-nio-8085-exec-1] o.a.c.c.C.[Tomcat].[localhost].[/]       : Initializing Spring DispatcherServlet 'dispatcherServlet'
2023-10-28 11:32:40.931  INFO 11644 --- [http-nio-8085-exec-1] o.s.web.servlet.DispatcherServlet        : Initializing Servlet 'dispatcherServlet'
2023-10-28 11:32:40.934  INFO 11644 --- [http-nio-8085-exec-1] o.s.web.servlet.DispatcherServlet        : Completed initialization in 3 ms
